[36mvite v5.4.21 [32mbuilding for production...[36m[39m
transforming...
[32m✓[39m 22 modules transformed.
[31mx[39m Build failed in 3.95s
[31merror during build:
[31m[vite:esbuild] Transform failed with 2 errors:
C:/Users/LENOVO/Desktop/Duke/Projects/Duke-Capstone/Duke_Capstone/frontend/src/pages/Admin.jsx:446:8: ERROR: The symbol "commentActionsLoading" has already been declared
C:/Users/LENOVO/Desktop/Duke/Projects/Duke-Capstone/Duke_Capstone/frontend/src/pages/Admin.jsx:446:8: ERROR: The symbol "setCommentActionsLoading" has already been declared[31m
file: [36mC:/Users/LENOVO/Desktop/Duke/Projects/Duke-Capstone/Duke_Capstone/frontend/src/pages/Admin.jsx:446:8[31m
[33m
[33mThe symbol "commentActionsLoading" has already been declared[33m
444|    const [projectDetailCommentsOpen, setProjectDetailCommentsOpen] = useState(false)
445|    const [commentActionsLoading, setCommentActionsLoading] = useState(false)
446|    const [commentActionsLoading, setCommentActionsLoading] = useState(false)
   |          ^
447|  
448|    const menuItems = ['Projects', 'Partners', 'Admin']

[33mThe symbol "setCommentActionsLoading" has already been declared[33m
444|    const [projectDetailCommentsOpen, setProjectDetailCommentsOpen] = useState(false)
445|    const [commentActionsLoading, setCommentActionsLoading] = useState(false)
446|    const [commentActionsLoading, setCommentActionsLoading] = useState(false)
   |          ^
447|  
448|    const menuItems = ['Projects', 'Partners', 'Admin']
[31m
    at failureErrorWithLog (C:\Users\LENOVO\Desktop\Duke\Projects\Duke-Capstone\Duke_Capstone\frontend\node_modules\esbuild\lib\main.js:1472:15)
    at C:\Users\LENOVO\Desktop\Duke\Projects\Duke-Capstone\Duke_Capstone\frontend\node_modules\esbuild\lib\main.js:755:50
    at responseCallbacks.<computed> (C:\Users\LENOVO\Desktop\Duke\Projects\Duke-Capstone\Duke_Capstone\frontend\node_modules\esbuild\lib\main.js:622:9)
    at handleIncomingPacket (C:\Users\LENOVO\Desktop\Duke\Projects\Duke-Capstone\Duke_Capstone\frontend\node_modules\esbuild\lib\main.js:677:12)
    at Socket.readFromStdout (C:\Users\LENOVO\Desktop\Duke\Projects\Duke-Capstone\Duke_Capstone\frontend\node_modules\esbuild\lib\main.js:600:7)
    at Socket.emit (node:events:508:28)
    at addChunk (node:internal/streams/readable:559:12)
    at readableAddChunkPushByteMode (node:internal/streams/readable:510:3)
    at Readable.push (node:internal/streams/readable:390:5)
    at Pipe.onStreamRead (node:internal/stream_base_commons:189:23)[39m
